D:\GIT\CORVID\PROJECTS\X64\DEBUG\CORVIDCUDA.ILK
D:\GIT\CORVID\PROJECTS\X64\DEBUG\CORVIDCUDA.EXE
D:\GIT\CORVID\PROJECTS\X64\DEBUG\CORVIDCUDA.PDB
D:\git\Corvid\Projects\CorvidCuda\x64\Debug\kernel.cu.cache
D:\git\Corvid\Projects\CorvidCuda\x64\Debug\PlayoutKernel.cu.cache
D:\git\Corvid\Projects\CorvidCuda\x64\Debug\kernel.cu.obj
D:\git\Corvid\Projects\CorvidCuda\x64\Debug\PlayoutKernel.cu.obj
D:\git\Corvid\Projects\CorvidCuda\x64\Debug\link-cvtres.read.1.tlog
D:\git\Corvid\Projects\CorvidCuda\x64\Debug\link-cvtres.write.1.tlog
D:\git\Corvid\Projects\CorvidCuda\x64\Debug\link-rc.read.1.tlog
D:\git\Corvid\Projects\CorvidCuda\x64\Debug\link-rc.write.1.tlog
D:\git\Corvid\Projects\CorvidCuda\x64\Debug\link.3500-cvtres.read.1.tlog
D:\git\Corvid\Projects\CorvidCuda\x64\Debug\link.3500-cvtres.write.1.tlog
D:\git\Corvid\Projects\CorvidCuda\x64\Debug\link.3500-rc.read.1.tlog
D:\git\Corvid\Projects\CorvidCuda\x64\Debug\link.3500-rc.write.1.tlog
D:\git\Corvid\Projects\CorvidCuda\x64\Debug\link.3500.read.1.tlog
D:\git\Corvid\Projects\CorvidCuda\x64\Debug\link.3500.write.1.tlog
D:\git\Corvid\Projects\CorvidCuda\x64\Debug\link.command.1.tlog
D:\git\Corvid\Projects\CorvidCuda\x64\Debug\link.read.1.tlog
D:\git\Corvid\Projects\CorvidCuda\x64\Debug\link.write.1.tlog
D:\git\Corvid\Projects\x64\Debug\CorvidCuda.pdb
